
Status: FAILED!
Reason: Unable to run DebugOne1.cs
Error: Cannot open assembly 'DebugOne1.exe': No such file or directory.

Timestamp: 2025-01-23 07:15:29.414538

Status: FAILED!
Reason: Unable to run DebugOne1.cs
Error: Cannot open assembly 'DebugOne1.exe': No such file or directory.

Timestamp: 2025-01-23 07:15:29.414698
