
Status: FAILED!
Reason: Unable to run ArrayDemo.cs
Error: The program took longer than 5 seconds to execute.
This may indicate an issue providing input to your program.
Check your program follows the example in the instructions.
Timestamp: 2025-02-28 08:40:47.991977

Status: FAILED!
Reason: Unable to run ArrayDemo.cs
Error: The program took longer than 5 seconds to execute.
This may indicate an issue providing input to your program.
Check your program follows the example in the instructions.
Timestamp: 2025-02-28 08:40:47.992225
