
Status: FAILED!
Check: 1
Test: The `Statistics` method correctly sets variable values.
Reason: Unable to run tests.
Error : str - AssertionError
Timestamp: 2025-03-14 00:45:23.920231

Status: FAILED!
Check: 2
Test: The `Statistics` method correctly calculates array statistics.
Reason: Unable to run tests.
Error : str - AssertionError
Timestamp: 2025-03-14 00:45:30.406101
