
Status: FAILED!
Check: 1
Test: Test`ConvertToKilometers` with 10 miles
Reason: Unable to run tests.
Error : str - AssertionError
Timestamp: 2025-03-06 04:15:22.389946

Status: FAILED!
Check: 2
Test: Test`ConvertToKilometers` with 0 miles
Reason: Unable to run tests.
Error : str - AssertionError
Timestamp: 2025-03-06 04:15:28.765362
